-------------------------------------------------------------------------------
>Log Session: Thursday, April 8, 2021 1:08:14 AM EDT
>System Info: 
  Product Version         = OpenSim 4.1
  Operating System        = Windows 10 version 10.0 running on amd64
  Java; VM; Vendor        = 1.8.0_162; Java HotSpot(TM) 64-Bit Server VM 25.162-b12; Oracle Corporation
  Runtime                 = Java(TM) SE Runtime Environment 1.8.0_162-b12
  Java Home               = C:\OpenSim 4.1\jdk\jre
  System Locale; Encoding = en_US (opensim); Cp1252
  Home Directory          = C:\Users\johnj
  Current Directory       = C:\OpenSim 4.1
  User Directory          = C:\Users\johnj\AppData\Roaming\.OpenSim\4.1
  Cache Directory         = C:\Users\johnj\AppData\Roaming\.OpenSim\4.1\var\cache
  Installation            = C:\OpenSim 4.1\OpenSim
                            C:\OpenSim 4.1\ide
                            C:\OpenSim 4.1\platform
  Boot & Ext. Classpath   = C:\OpenSim 4.1\jdk\jre\lib\resources.jar;C:\OpenSim 4.1\jdk\jre\lib\rt.jar;C:\OpenSim 4.1\jdk\jre\lib\sunrsasign.jar;C:\OpenSim 4.1\jdk\jre\lib\jsse.jar;C:\OpenSim 4.1\jdk\jre\lib\jce.jar;C:\OpenSim 4.1\jdk\jre\lib\charsets.jar;C:\OpenSim 4.1\jdk\jre\lib\jfr.jar;C:\OpenSim 4.1\jdk\jre\classes;C:\OpenSim 4.1\jdk\jre\lib\ext\access-bridge-64.jar;C:\OpenSim 4.1\jdk\jre\lib\ext\cldrdata.jar;C:\OpenSim 4.1\jdk\jre\lib\ext\dnsns.jar;C:\OpenSim 4.1\jdk\jre\lib\ext\jaccess.jar;C:\OpenSim 4.1\jdk\jre\lib\ext\jfxrt.jar;C:\OpenSim 4.1\jdk\jre\lib\ext\localedata.jar;C:\OpenSim 4.1\jdk\jre\lib\ext\nashorn.jar;C:\OpenSim 4.1\jdk\jre\lib\ext\sunec.jar;C:\OpenSim 4.1\jdk\jre\lib\ext\sunjce_provider.jar;C:\OpenSim 4.1\jdk\jre\lib\ext\sunmscapi.jar;C:\OpenSim 4.1\jdk\jre\lib\ext\sunpkcs11.jar;C:\OpenSim 4.1\jdk\jre\lib\ext\zipfs.jar
  Application Classpath   = C:\OpenSim 4.1\platform\lib\boot.jar;C:\OpenSim 4.1\platform\lib\org-openide-modules.jar;C:\OpenSim 4.1\platform\lib\org-openide-util-lookup.jar;C:\OpenSim 4.1\platform\lib\org-openide-util-ui.jar;C:\OpenSim 4.1\platform\lib\org-openide-util.jar;C:\OpenSim 4.1\platform\lib\locale\boot_ja.jar;C:\OpenSim 4.1\platform\lib\locale\boot_pt_BR.jar;C:\OpenSim 4.1\platform\lib\locale\boot_ru.jar;C:\OpenSim 4.1\platform\lib\locale\boot_zh_CN.jar;C:\OpenSim 4.1\platform\lib\locale\org-openide-modules_ja.jar;C:\OpenSim 4.1\platform\lib\locale\org-openide-modules_pt_BR.jar;C:\OpenSim 4.1\platform\lib\locale\org-openide-modules_ru.jar;C:\OpenSim 4.1\platform\lib\locale\org-openide-modules_zh_CN.jar;C:\OpenSim 4.1\platform\lib\locale\org-openide-util-lookup_ja.jar;C:\OpenSim 4.1\platform\lib\locale\org-openide-util-lookup_pt_BR.jar;C:\OpenSim 4.1\platform\lib\locale\org-openide-util-lookup_ru.jar;C:\OpenSim 4.1\platform\lib\locale\org-openide-util-lookup_zh_CN.jar;C:\OpenSim 4.1\platform\lib\locale\org-openide-util-ui_ja.jar;C:\OpenSim 4.1\platform\lib\locale\org-openide-util-ui_pt_BR.jar;C:\OpenSim 4.1\platform\lib\locale\org-openide-util-ui_ru.jar;C:\OpenSim 4.1\platform\lib\locale\org-openide-util-ui_zh_CN.jar;C:\OpenSim 4.1\platform\lib\locale\org-openide-util_ja.jar;C:\OpenSim 4.1\platform\lib\locale\org-openide-util_pt_BR.jar;C:\OpenSim 4.1\platform\lib\locale\org-openide-util_ru.jar;C:\OpenSim 4.1\platform\lib\locale\org-openide-util_zh_CN.jar
  Startup Classpath       = C:\OpenSim 4.1\platform\core\asm-all-5.0.1.jar;C:\OpenSim 4.1\platform\core\core-base.jar;C:\OpenSim 4.1\platform\core\core.jar;C:\OpenSim 4.1\platform\core\org-netbeans-libs-asm.jar;C:\OpenSim 4.1\platform\core\org-openide-filesystems-compat8.jar;C:\OpenSim 4.1\platform\core\org-openide-filesystems.jar;C:\OpenSim 4.1\platform\core\locale\core-base_ja.jar;C:\OpenSim 4.1\platform\core\locale\core-base_pt_BR.jar;C:\OpenSim 4.1\platform\core\locale\core-base_ru.jar;C:\OpenSim 4.1\platform\core\locale\core-base_zh_CN.jar;C:\OpenSim 4.1\platform\core\locale\core_ja.jar;C:\OpenSim 4.1\platform\core\locale\core_pt_BR.jar;C:\OpenSim 4.1\platform\core\locale\core_ru.jar;C:\OpenSim 4.1\platform\core\locale\core_zh_CN.jar;C:\OpenSim 4.1\platform\core\locale\org-netbeans-libs-asm_ja.jar;C:\OpenSim 4.1\platform\core\locale\org-netbeans-libs-asm_pt_BR.jar;C:\OpenSim 4.1\platform\core\locale\org-netbeans-libs-asm_ru.jar;C:\OpenSim 4.1\platform\core\locale\org-netbeans-libs-asm_zh_CN.jar;C:\OpenSim 4.1\platform\core\locale\org-openide-filesystems-compat8_ja.jar;C:\OpenSim 4.1\platform\core\locale\org-openide-filesystems-compat8_pt_BR.jar;C:\OpenSim 4.1\platform\core\locale\org-openide-filesystems-compat8_ru.jar;C:\OpenSim 4.1\platform\core\locale\org-openide-filesystems-compat8_zh_CN.jar;C:\OpenSim 4.1\platform\core\locale\org-openide-filesystems_ja.jar;C:\OpenSim 4.1\platform\core\locale\org-openide-filesystems_pt_BR.jar;C:\OpenSim 4.1\platform\core\locale\org-openide-filesystems_ru.jar;C:\OpenSim 4.1\platform\core\locale\org-openide-filesystems_zh_CN.jar;C:\OpenSim 4.1\OpenSim\core\locale\core_opensim.jar
-------------------------------------------------------------------------------
WARNING [org.netbeans.core.modules]: the modules [org.opensim.console, org.opensim.coordinateviewer, org.opensim.helputils, org.opensim.logger, org.opensim.plotter, org.opensim.tracking, org.opensim.utils, org.opensim.view] use org.jdesktop.layout which is deprecated: Use javax.swing.GroupLayout instead. (In form editor: select Form ... in Inspector; change Layout Generation Style to Standard Java 6 code.)
WARNING [org.netbeans.core.modules]: the modules [org.opensim.utils, org.opensim.view] use org.openide.options which is deprecated: Use org.openide.util.NbPreferences instead.
WARNING [java.util.prefs]: Could not open/create prefs root node Software\JavaSoft\Prefs at root 0x80000002. Windows RegCreateKeyEx(...) returned error code 5.
INFO [org.netbeans.core.startup.NbEvents]: Turning on modules:
	org.openide.util.lookup [8.33.1 201609300101]
	org.openide.util [9.7.1 201609300101]
	org.openide.util.ui [9.6.1 201609300101]
	org.openide.modules [7.48.1 201609300101]
	org.netbeans.api.progress/1 [1.47.1 201609300101]
	org.netbeans.api.annotations.common/1 [1.27.1 201609300101]
	org.openide.filesystems [9.10.1 201609300101]
	org.openide.awt [7.67.1 201609300101]
	org.netbeans.api.progress.nb [1.47.1 201609300101]
	org.openide.dialogs [7.42.1 201609300101]
	org.openide.nodes [7.45.1 201609300101]
	org.openide.windows [6.75.1 201609300101]
	org.netbeans.swing.tabcontrol [1.56.1 201609300101]
	org.netbeans.swing.outline [1.34.1 201609300101]
	org.openide.explorer [6.62.1 201609300101]
	org.netbeans.modules.editor.mimelookup/1 [1.40.1 201609300101]
	org.openide.text [6.67.1 201609300101]
	org.openide.actions [6.39.1 201609300101]
	org.netbeans.api.progress.compat8 [1.47.1 201609300101]
	org.netbeans.modules.queries/1 [1.43.1 201609300101]
	org.netbeans.api.templates [1.7.1 201609300101]
	org.apache.xmlgraphics.ps [1.0 200206]
	org.jfree [1.0 200206]
	org.jfree.data [1.0 200206]
	org.netbeans.spi.quicksearch [1.27.1 201609300101]
	org.netbeans.libs.asm [5.3.1 201609300101]
	org.netbeans.bootstrap/1 [2.76.1 201609300101]
	org.netbeans.core.startup.base [1.62.1.1 1 201609300101]
	org.netbeans.core.startup/1 [1.62.1.1 201609300101]
	org.openide.filesystems.nb [9.9.1 201609300101]
	org.openide.loaders [7.66.1 201609300101]
	org.netbeans.modules.javahelp/1 [2.41.1 201609300101]
	org.netbeans.libs.json_simple/1 [0.12.1 201609300101]
	org.opensim.modeling [3.1 200206]
	org.jdesktop.layout/1 [1.33.1 201609300101]
	org.netbeans.swing.plaf [1.41.1 201609300101]
	org.netbeans.modules.keyring [1.24.1 201609300101]
	org.netbeans.api.intent [1.2.1 201609300101]
	org.netbeans.api.io [1.3.1 201609300101]
	org.openide.io [1.49.1 201609300101]
	org.netbeans.modules.sampler [1.14.1 201609300101]
	org.netbeans.core/2 [3.51.1 201609300101]
	org.netbeans.modules.options.api/1 [1.45.1 201609300101]
	org.opensim.logger [1.0 200206]
	org.openide.filesystems.compat8 [9.9.1 201609300101]
	org.openide.options [6.37.1 201609300101]
	org.opensim.utils [1.0 200206]
	org.eclipse.jetty [1.0 200206]
	org.opensim.view [3.204 200206]
	org.netbeans.modules.autoupdate.services [1.52.1 201609300101]
	org.opensim.updater [1.0 200206]
	org.netbeans.modules.settings/1 [1.49.1 201609300101]
	org.netbeans.core.windows/2 [2.81.1 201609300101]
	org.opensim.plotter [1.0 200206]
	org.opensim.tracking [3.207 200206]
	org.opensim.javabrowser [1.0 200206]
	org.opensim.helputils [1.0 200206]
	org.netbeans.api.visual [2.47.1 201609300101]
	org.opensim.graphlEditor [1.0 200206]
	org.opensim.coordinateviewer [1.0 200206]
	org.opensim.console [3.209 200206]
	org.apache.xml.resolver [1.31.1.12 12 201609300101]
	org.netbeans.modules.editor.util/1 [1.64.1 201609300101]
	org.netbeans.modules.editor.document [1.9.1.3 3 201609300101]
	org.netbeans.api.xml/1 [1.44.1 201609300101]
	org.netbeans.modules.xml.catalog/2 [3.3.1.4 4 201609300101]
	org.netbeans.modules.xml.catalog.ui [2.3.1.4 201609300101]
	org.netbeans.modules.sendopts/2 [2.35.1 201609300101]
	org.netbeans.modules.utilities/1 [1.61.1 201609300101]
	org.netbeans.modules.templates/1 [1.7.1 201609300101]
	org.netbeans.modules.progress.ui [1.33.1 201609300101]
	org.netbeans.modules.print [7.26.1 201609300101]
	org.netbeans.modules.options.keymap [1.37.1 201609300101]
	org.netbeans.libs.jna/1 [1.44.1 201609300101]
	org.netbeans.modules.masterfs/2 [2.55.1.2 2 201609300101]
	org.netbeans.modules.masterfs.windows [1.16.1 201609300101]
	org.netbeans.modules.masterfs.ui [2.3.1.2 201609300101]
	org.netbeans.modules.masterfs.nio2 [1.15.1 201609300101]
	org.netbeans.modules.keyring.fallback [1.8.1 201609300101]
	org.netbeans.modules.keyring.impl [1.24.1 201609300101]
	org.netbeans.modules.favorites/1 [1.46.1 201609300101]
	org.netbeans.modules.editor.mimelookup.impl/1 [1.32.1 201609300101]
	org.netbeans.modules.autoupdate.cli [1.13.1 201609300101]
	org.netbeans.core.ui/1 [1.45.1 201609300101]
	org.netbeans.libs.osgi [1.21.1 201609300101]
	org.netbeans.libs.felix [2.15.1 201609300101]
	org.netbeans.modules.autoupdate.ui [1.45.1 201609300101]
	org.netbeans.modules.core.kit [1.30.1 201609300101]
	org.netbeans.libs.jna.platform/1 [1.14.1 201609300101]
	org.netbeans.core.output2/1 [1.41.1 201609300101]
	org.netbeans.core.network [1.10.1 201609300101]
	org.netbeans.core.netigso [1.31.1 201609300101]
	org.netbeans.core.nativeaccess/1 [1.31.1 201609300101]
	org.netbeans.core.multitabs/1 [1.12.1.1 1 201609300101]
	org.netbeans.core.io.ui/1 [1.30.1 201609300101]
WARNING [org.netbeans.modules.openide.filesystems.declmime.MIMEResolverImpl]: Ineffective registration of resolver Services/MIMEResolver/OsimModelResolver.xml use @MIMEResolver.Registration! See bug #191777.
WARNING [org.netbeans.modules.openide.filesystems.declmime.MIMEResolverImpl]: Ineffective registration of resolver Services/MIMEResolver/OsimMotResolver.xml use @MIMEResolver.Registration! See bug #191777.
WARNING [org.netbeans.modules.openide.filesystems.declmime.MIMEResolverImpl]: Ineffective registration of resolver Services/MIMEResolver/OsimStoResolver.xml use @MIMEResolver.Registration! See bug #191777.
INFO [org.netbeans.core.network.proxy.NetworkProxyReloader]: System network proxy resolver: Windows
INFO [org.netbeans.core.network.proxy.windows.WindowsNetworkProxy]: Windows system proxy resolver: auto detect
INFO [org.netbeans.core.network.proxy.NetworkProxyReloader]: System network proxy reloading succeeded.
INFO [org.netbeans.core.network.proxy.NetworkProxyReloader]: System network proxy - mode: direct
INFO [org.netbeans.core.network.proxy.NetworkProxyReloader]: System network proxy: fell to default (correct if direct mode went before)
INFO [org.netbeans.ui.metrics.laf]: USG_LOOK_AND_FEEL
WARNING [org.netbeans.TopSecurityManager]: use of system property netbeans.user has been obsoleted in favor of InstalledFileLocator/Places at org.eclipse.jetty.util.log.Log$1.run(Log.java:116)
2021-04-08 01:08:15.731:INFO::Thread-7: Logging initialized @1337ms
2021-04-08 01:08:15.817:INFO:oejs.Server:Thread-7: jetty-9.3.z-SNAPSHOT
2021-04-08 01:08:15.825:INFO:oejsh.ContextHandler:Thread-7: Started o.e.j.s.ServletContextHandler@788c36ad{/,file:///C:/OpenSim%204.1/OpenSim/,AVAILABLE}
2021-04-08 01:08:15.834:INFO:oejs.ServerConnector:Thread-7: Started ServerConnector@4cb38e4a{HTTP/1.1,[http/1.1]}{0.0.0.0:8002}
2021-04-08 01:08:15.834:INFO:oejs.Server:Thread-7: Started @1441ms
Diagnostic information
Input arguments:
	-Xms24m
	-Xmx1024m
	-Dsun.java2d.ddoffscreen=false
	-Dsun.java2d.gdiblit=false
	-Dsun.java2d.noddraw=true
	-Duser.language=en
	-Dopensim.buildnumber=4.1
	-XX:MaxPermSize=384m
	-Dnetbeans.user.dir=C:\
	-Djdk.home=jdk
	-splash:C:\Users\johnj\AppData\Roaming\.OpenSim\4.1\var\cache\splash.png
	-Djdk.launcher.addexports.0=java.desktop/sun.awt=ALL-UNNAMED
	-Djdk.launcher.addexports.1=java.base/jdk.internal.jrtfs=ALL-UNNAMED
	-Djdk.launcher.addexports.2=java.desktop/java.awt.peer=ALL-UNNAMED
	-Djdk.launcher.addexports.3=java.desktop/com.sun.beans.editors=ALL-UNNAMED
	-Djdk.launcher.addexports.3=java.desktop/sun.awt.im=ALL-UNNAMED
	-Djdk.launcher.addexports.4=java.desktop/com.sun.java.swing.plaf.windows=ALL-UNNAMED
	-Djdk.launcher.addexports.5=java.management/sun.management=ALL-UNNAMED
	-Dnetbeans.home=C:\OpenSim 4.1\platform
	-Dnetbeans.user=C:\Users\johnj\AppData\Roaming\.OpenSim\4.1
	-Dnetbeans.default_userdir_root=
	-XX:+HeapDumpOnOutOfMemoryError
	-XX:HeapDumpPath=C:\Users\johnj\AppData\Roaming\.OpenSim\4.1\var\log\heapdump.hprof
	-Dsun.awt.keepWorkingSetOnMinimize=true
	-Dnetbeans.dirs=C:\OpenSim 4.1\OpenSim;C:\OpenSim 4.1\ide
	exit
Compiler: HotSpot 64-Bit Tiered Compilers
Heap memory usage: initial 24.0MB maximum 910.5MB
Non heap memory usage: initial 2.4MB maximum -1b
Garbage collector: PS Scavenge (Collections=12 Total time spent=0s)
Garbage collector: PS MarkSweep (Collections=2 Total time spent=0s)
Classes: loaded=8634 total loaded=8634 unloaded 0
INFO [org.netbeans.core.ui.warmup.DiagnosticTask]: Total memory 34,306,342,912
INFO [null]: Total physical memory 34,306,342,912
WARNING [org.openide.filesystems.Ordering]: Not all children in Menu/Window/ marked with the position attribute: [org-netbeans-core-windows-actions-GlobalPropertiesAction.shadow, org-opensim-console-ScriptingShellTopComponent.shadow, org-opensim-coordinateviewer-CoordinateViewerAction.shadow, org-opensim-graphlEditor-topologyEditorTopComponent.shadow, org-opensim-javabrowser-jxBrowserTopComponent.shadow, org-opensim-logger-LoggerAction.shadow], but some are: [org-opensim-view-ExplorerAction.instance, ConfigureWindow, Separator4.instance]
WARNING [org.openide.filesystems.Ordering]: Found same position 500 for both Menu/Help/Separator1.instance and Menu/Help/org-opensim-plotter-separatorBefore.instance
SEVERE [global]
java.lang.IndexOutOfBoundsException: Index: 133, Size: 76
	at java.util.ArrayList.rangeCheck(ArrayList.java:657)
	at java.util.ArrayList.get(ArrayList.java:433)
	at org.opensim.threejs.ModelVisualizationJson.updatePathWithWrapping(ModelVisualizationJson.java:1505)
	at org.opensim.threejs.ModelVisualizationJson.appendToFrame(ModelVisualizationJson.java:793)
	at org.opensim.threejs.ModelVisualizationJson.createFrameMessageJson(ModelVisualizationJson.java:714)
	at org.opensim.view.pub.ViewDB.updateModelDisplayNoRepaint(ViewDB.java:864)
	at org.opensim.coordinateviewer.CoordinateSliderWithBox.setTheValue(CoordinateSliderWithBox.java:441)
	at org.opensim.coordinateviewer.CoordinateViewerTopComponent.valueChanged(CoordinateViewerTopComponent.java:529)
	at org.opensim.coordinateviewer.CoordinateSliderWithBox.fireCoordinateChange(CoordinateSliderWithBox.java:641)
	at org.opensim.coordinateviewer.CoordinateSliderWithBox.stateChanged(CoordinateSliderWithBox.java:484)
	at javax.swing.JSlider.fireStateChanged(JSlider.java:432)
	at javax.swing.JSlider$ModelListener.stateChanged(JSlider.java:350)
	at javax.swing.DefaultBoundedRangeModel.fireStateChanged(DefaultBoundedRangeModel.java:364)
	at javax.swing.DefaultBoundedRangeModel.setRangeProperties(DefaultBoundedRangeModel.java:302)
	at javax.swing.DefaultBoundedRangeModel.setValue(DefaultBoundedRangeModel.java:168)
	at javax.swing.JSlider.setValue(JSlider.java:531)
	at javax.swing.plaf.basic.BasicSliderUI$TrackListener.mouseDragged(BasicSliderUI.java:1796)
	at java.awt.AWTEventMulticaster.mouseDragged(AWTEventMulticaster.java:319)
	at java.awt.Component.processMouseMotionEvent(Component.java:6581)
	at javax.swing.JComponent.processMouseMotionEvent(JComponent.java:3342)
	at java.awt.Component.processEvent(Component.java:6302)
	at java.awt.Container.processEvent(Container.java:2237)
	at java.awt.Component.dispatchEventImpl(Component.java:4889)
	at java.awt.Container.dispatchEventImpl(Container.java:2295)
	at java.awt.Component.dispatchEvent(Component.java:4711)
	at java.awt.LightweightDispatcher.retargetMouseEvent(Container.java:4889)
	at java.awt.LightweightDispatcher.processMouseEvent(Container.java:4543)
	at java.awt.LightweightDispatcher.dispatchEvent(Container.java:4467)
	at java.awt.Container.dispatchEventImpl(Container.java:2281)
	at java.awt.Window.dispatchEventImpl(Window.java:2746)
	at java.awt.Component.dispatchEvent(Component.java:4711)
	at java.awt.EventQueue.dispatchEventImpl(EventQueue.java:760)
	at java.awt.EventQueue.access$500(EventQueue.java:97)
	at java.awt.EventQueue$3.run(EventQueue.java:709)
	at java.awt.EventQueue$3.run(EventQueue.java:703)
	at java.security.AccessController.doPrivileged(Native Method)
	at java.security.ProtectionDomain$JavaSecurityAccessImpl.doIntersectionPrivilege(ProtectionDomain.java:80)
	at java.security.ProtectionDomain$JavaSecurityAccessImpl.doIntersectionPrivilege(ProtectionDomain.java:90)
	at java.awt.EventQueue$4.run(EventQueue.java:733)
	at java.awt.EventQueue$4.run(EventQueue.java:731)
	at java.security.AccessController.doPrivileged(Native Method)
	at java.security.ProtectionDomain$JavaSecurityAccessImpl.doIntersectionPrivilege(ProtectionDomain.java:80)
	at java.awt.EventQueue.dispatchEvent(EventQueue.java:730)
	at org.netbeans.core.TimableEventQueue.dispatchEvent(TimableEventQueue.java:159)
[catch] at java.awt.EventDispatchThread.pumpOneEventForFilters(EventDispatchThread.java:205)
	at java.awt.EventDispatchThread.pumpEventsForFilter(EventDispatchThread.java:116)
	at java.awt.EventDispatchThread.pumpEventsForHierarchy(EventDispatchThread.java:105)
	at java.awt.EventDispatchThread.pumpEvents(EventDispatchThread.java:101)
	at java.awt.EventDispatchThread.pumpEvents(EventDispatchThread.java:93)
	at java.awt.EventDispatchThread.run(EventDispatchThread.java:82)
SEVERE [null]: Last record repeated 33 times in total.
SEVERE [global]
java.lang.IndexOutOfBoundsException: Index: 133, Size: 76
	at java.util.ArrayList.rangeCheck(ArrayList.java:657)
	at java.util.ArrayList.get(ArrayList.java:433)
	at org.opensim.threejs.ModelVisualizationJson.updatePathWithWrapping(ModelVisualizationJson.java:1505)
	at org.opensim.threejs.ModelVisualizationJson.appendToFrame(ModelVisualizationJson.java:793)
	at org.opensim.threejs.ModelVisualizationJson.createFrameMessageJson(ModelVisualizationJson.java:714)
	at org.opensim.view.pub.ViewDB.updateModelDisplayNoRepaint(ViewDB.java:864)
	at org.opensim.coordinateviewer.CoordinateSliderWithBox.setTheValue(CoordinateSliderWithBox.java:441)
	at org.opensim.coordinateviewer.CoordinateViewerTopComponent.valueChanged(CoordinateViewerTopComponent.java:529)
	at org.opensim.coordinateviewer.CoordinateSliderWithBox.fireCoordinateChange(CoordinateSliderWithBox.java:641)
	at org.opensim.coordinateviewer.CoordinateSliderWithBox.stateChanged(CoordinateSliderWithBox.java:484)
	at javax.swing.JSlider.fireStateChanged(JSlider.java:432)
	at javax.swing.JSlider$ModelListener.stateChanged(JSlider.java:350)
	at javax.swing.DefaultBoundedRangeModel.fireStateChanged(DefaultBoundedRangeModel.java:364)
	at javax.swing.DefaultBoundedRangeModel.setRangeProperties(DefaultBoundedRangeModel.java:302)
	at javax.swing.DefaultBoundedRangeModel.setValueIsAdjusting(DefaultBoundedRangeModel.java:231)
	at javax.swing.JSlider.setValueIsAdjusting(JSlider.java:652)
	at javax.swing.plaf.basic.BasicSliderUI$TrackListener.mouseReleased(BasicSliderUI.java:1579)
	at java.awt.AWTEventMulticaster.mouseReleased(AWTEventMulticaster.java:289)
	at java.awt.Component.processMouseEvent(Component.java:6533)
	at javax.swing.JComponent.processMouseEvent(JComponent.java:3324)
	at java.awt.Component.processEvent(Component.java:6298)
	at java.awt.Container.processEvent(Container.java:2237)
	at java.awt.Component.dispatchEventImpl(Component.java:4889)
	at java.awt.Container.dispatchEventImpl(Container.java:2295)
	at java.awt.Component.dispatchEvent(Component.java:4711)
	at java.awt.LightweightDispatcher.retargetMouseEvent(Container.java:4889)
	at java.awt.LightweightDispatcher.processMouseEvent(Container.java:4526)
	at java.awt.LightweightDispatcher.dispatchEvent(Container.java:4467)
	at java.awt.Container.dispatchEventImpl(Container.java:2281)
	at java.awt.Window.dispatchEventImpl(Window.java:2746)
	at java.awt.Component.dispatchEvent(Component.java:4711)
	at java.awt.EventQueue.dispatchEventImpl(EventQueue.java:760)
	at java.awt.EventQueue.access$500(EventQueue.java:97)
	at java.awt.EventQueue$3.run(EventQueue.java:709)
	at java.awt.EventQueue$3.run(EventQueue.java:703)
	at java.security.AccessController.doPrivileged(Native Method)
	at java.security.ProtectionDomain$JavaSecurityAccessImpl.doIntersectionPrivilege(ProtectionDomain.java:80)
	at java.security.ProtectionDomain$JavaSecurityAccessImpl.doIntersectionPrivilege(ProtectionDomain.java:90)
	at java.awt.EventQueue$4.run(EventQueue.java:733)
	at java.awt.EventQueue$4.run(EventQueue.java:731)
	at java.security.AccessController.doPrivileged(Native Method)
	at java.security.ProtectionDomain$JavaSecurityAccessImpl.doIntersectionPrivilege(ProtectionDomain.java:80)
	at java.awt.EventQueue.dispatchEvent(EventQueue.java:730)
	at org.netbeans.core.TimableEventQueue.dispatchEvent(TimableEventQueue.java:159)
[catch] at java.awt.EventDispatchThread.pumpOneEventForFilters(EventDispatchThread.java:205)
	at java.awt.EventDispatchThread.pumpEventsForFilter(EventDispatchThread.java:116)
	at java.awt.EventDispatchThread.pumpEventsForHierarchy(EventDispatchThread.java:105)
	at java.awt.EventDispatchThread.pumpEvents(EventDispatchThread.java:101)
	at java.awt.EventDispatchThread.pumpEvents(EventDispatchThread.java:93)
	at java.awt.EventDispatchThread.run(EventDispatchThread.java:82)
